<?xml version="1.0" encoding="UTF-8"?>
<testsuite xmlns:xsi="http://www.w3.org/2001/XMLSchema-instance" xsi:noNamespaceSchemaLocation="https://maven.apache.org/surefire/maven-surefire-plugin/xsd/surefire-test-report-3.0.xsd" version="3.0" name="testrunner.RunCucumberTest" time="1.13" tests="4" errors="0" skipped="0" failures="1">
  <properties>
[...]
</properties>
  <testcase name="Scanning a single valid port" classname="Nmap Port Specification Scanning" time="0.539"/>
  <testcase name="Scanning a valid port range" classname="Nmap Port Specification Scanning" time="0.192">
    <failure message="Expected output to reference the 1024 scanned ports in the range ==&gt; expected: &lt;true&gt; but was: &lt;false&gt;" type="org.opentest4j.AssertionFailedError"><![CDATA[org.opentest4j.AssertionFailedError: Expected output to reference the 1024 scanned ports in the range ==> expected: <true> but was: <false>
	at stepdefinitions.PortScanSteps.nmap_scans_range_1_to_1024(PortScanSteps.java:33)
	at ✽.Nmap scans every port from 1 through 1024 and reports each port's state(classpath:features/PortScan.feature:11)
]]></failure>
  </testcase>
  <testcase name="Scanning a comma-separated list of ports" classname="Nmap Port Specification Scanning" time="0.138"/>
  <testcase name="Rejecting an out-of-range port" classname="Nmap Port Specification Scanning" time="0.121"/>
</testsuite>